<?xml version="1.0" encoding="utf-8"?><testsuites name="pytest tests"><testsuite name="pytest" errors="0" failures="0" skipped="0" tests="17" time="4.198" timestamp="2026-07-13T09:18:04.089600+00:00" hostname="agent-env-af44bd03-d6f0-45f9-989b-f4e45c1c55ac"><testcase classname="backend.tests.test_menu_features.TestAuthGates" name="test_mark_all_read_401" time="0.191" /><testcase classname="backend.tests.test_menu_features.TestAuthGates" name="test_meetings_post_401" time="0.145" /><testcase classname="backend.tests.test_menu_features.TestAuthGates" name="test_meetings_get_401" time="0.102" /><testcase classname="backend.tests.test_menu_features.TestAuthGates" name="test_reminders_post_401" time="0.109" /><testcase classname="backend.tests.test_menu_features.TestAuthGates" name="test_reminders_get_401" time="0.135" /><testcase classname="backend.tests.test_menu_features.TestMarkAllRead" name="test_bulk_marks_all_chats_read" time="0.462" /><testcase classname="backend.tests.test_menu_features.TestMarkAllRead" name="test_mark_all_read_broadcasts_read_ws" time="0.869" /><testcase classname="backend.tests.test_menu_features.TestMeetings" name="test_create_meeting_without_chat" time="0.103" /><testcase classname="backend.tests.test_menu_features.TestMeetings" name="test_create_meeting_with_chat_posts_message_and_ws" time="0.864" /><testcase classname="backend.tests.test_menu_features.TestMeetings" name="test_list_meetings_sorted_by_starts_at" time="0.190" /><testcase classname="backend.tests.test_menu_features.TestMeetings" name="test_list_meetings_scoped_to_owner" time="0.109" /><testcase classname="backend.tests.test_menu_features.TestReminders" name="test_create_and_list_reminders" time="0.186" /><testcase classname="backend.tests.test_menu_features.TestReminders" name="test_list_reminders_sorted_by_remind_at" time="0.179" /><testcase classname="backend.tests.test_menu_features.TestRegression" name="test_me_still_works" time="0.092" /><testcase classname="backend.tests.test_menu_features.TestRegression" name="test_chats_list_still_works" time="0.130" /><testcase classname="backend.tests.test_menu_features.TestRegression" name="test_users_search_still_works" time="0.135" /><testcase classname="backend.tests.test_menu_features.TestRegression" name="test_messages_send_still_works" time="0.144" /></testsuite></testsuites>