<?xml version="1.0" encoding="utf-8"?><testsuites name="pytest tests"><testsuite name="pytest" errors="0" failures="0" skipped="0" tests="25" time="7.082" timestamp="2026-07-13T10:10:21.862098+00:00" hostname="agent-env-af44bd03-d6f0-45f9-989b-f4e45c1c55ac"><testcase classname="backend.tests.test_iter3_crud_profile.TestEditMessage" name="test_edit_requires_auth" time="0.308" /><testcase classname="backend.tests.test_iter3_crud_profile.TestEditMessage" name="test_edit_by_sender_success" time="0.292" /><testcase classname="backend.tests.test_iter3_crud_profile.TestEditMessage" name="test_edit_by_non_sender_forbidden" time="0.194" /><testcase classname="backend.tests.test_iter3_crud_profile.TestEditMessage" name="test_edit_empty_rejected" time="0.223" /><testcase classname="backend.tests.test_iter3_crud_profile.TestEditMessage" name="test_edit_not_found" time="0.130" /><testcase classname="backend.tests.test_iter3_crud_profile.TestEditMessage" name="test_edit_last_msg_updates_chat_preview" time="0.297" /><testcase classname="backend.tests.test_iter3_crud_profile.TestDeleteMessage" name="test_delete_requires_auth" time="0.123" /><testcase classname="backend.tests.test_iter3_crud_profile.TestDeleteMessage" name="test_delete_by_non_sender_forbidden" time="0.263" /><testcase classname="backend.tests.test_iter3_crud_profile.TestDeleteMessage" name="test_delete_success_removes_message" time="0.249" /><testcase classname="backend.tests.test_iter3_crud_profile.TestDeleteMessage" name="test_delete_recomputes_preview_from_prior" time="0.290" /><testcase classname="backend.tests.test_iter3_crud_profile.TestDeleteMessage" name="test_delete_only_msg_nulls_preview" time="0.262" /><testcase classname="backend.tests.test_iter3_crud_profile.TestDeleteChat" name="test_delete_requires_auth" time="0.097" /><testcase classname="backend.tests.test_iter3_crud_profile.TestDeleteChat" name="test_delete_non_member_404" time="0.140" /><testcase classname="backend.tests.test_iter3_crud_profile.TestDeleteChat" name="test_delete_1on1_full_delete" time="0.243" /><testcase classname="backend.tests.test_iter3_crud_profile.TestDeleteChat" name="test_delete_group_leaves_when_others_remain" time="0.281" /><testcase classname="backend.tests.test_iter3_crud_profile.TestDeleteChat" name="test_delete_group_last_member_full_delete" time="0.201" /><testcase classname="backend.tests.test_iter3_crud_profile.TestUpdateMe" name="test_patch_me_requires_auth" time="0.123" /><testcase classname="backend.tests.test_iter3_crud_profile.TestUpdateMe" name="test_patch_name" time="0.146" /><testcase classname="backend.tests.test_iter3_crud_profile.TestUpdateMe" name="test_patch_picture" time="0.097" /><testcase classname="backend.tests.test_iter3_crud_profile.TestUpdateMe" name="test_patch_name_trimmed_and_capped" time="0.095" /><testcase classname="backend.tests.test_iter3_crud_profile.TestUpdateMe" name="test_patch_empty_name_ignored" time="0.150" /><testcase classname="backend.tests.test_iter3_crud_profile.TestNewEndpointBroadcasts" name="test_ws_message_updated_and_deleted" time="0.933" /><testcase classname="backend.tests.test_iter3_crud_profile.TestNewEndpointBroadcasts" name="test_ws_chat_deleted_broadcast" time="0.899" /><testcase classname="backend.tests.test_iter3_crud_profile.TestNewEndpointBroadcasts" name="test_ws_profile_updated_broadcast" time="0.819" /><testcase classname="backend.tests.test_iter3_crud_profile.TestRegressionSerializer" name="test_send_message_response_has_edited_at_field" time="0.159" /></testsuite></testsuites>