<?xml version="1.0" encoding="utf-8"?><testsuites name="pytest tests"><testsuite name="pytest" errors="0" failures="0" skipped="0" tests="37" time="9.578" timestamp="2026-07-13T09:18:18.438148+00:00" hostname="agent-env-af44bd03-d6f0-45f9-989b-f4e45c1c55ac"><testcase classname="backend.tests.test_bubble_chat" name="test_root" time="0.132" /><testcase classname="backend.tests.test_bubble_chat.TestAuth" name="test_me_requires_bearer" time="0.097" /><testcase classname="backend.tests.test_bubble_chat.TestAuth" name="test_me_invalid_token" time="0.088" /><testcase classname="backend.tests.test_bubble_chat.TestAuth" name="test_me_success" time="0.104" /><testcase classname="backend.tests.test_bubble_chat.TestAuth" name="test_logout_ok" time="0.135" /><testcase classname="backend.tests.test_bubble_chat.TestAuth" name="test_auth_session_bad_id" time="0.220" /><testcase classname="backend.tests.test_bubble_chat.TestUsers" name="test_search_requires_auth" time="0.096" /><testcase classname="backend.tests.test_bubble_chat.TestUsers" name="test_search_by_name" time="0.094" /><testcase classname="backend.tests.test_bubble_chat.TestChats" name="test_create_1on1_and_reuse" time="0.143" /><testcase classname="backend.tests.test_bubble_chat.TestChats" name="test_create_group" time="0.097" /><testcase classname="backend.tests.test_bubble_chat.TestChats" name="test_list_chats" time="0.180" /><testcase classname="backend.tests.test_bubble_chat.TestMessages" name="test_send_text_and_fetch" time="0.196" /><testcase classname="backend.tests.test_bubble_chat.TestMessages" name="test_send_image" time="0.138" /><testcase classname="backend.tests.test_bubble_chat.TestMessages" name="test_send_empty_rejected" time="0.150" /><testcase classname="backend.tests.test_bubble_chat.TestMessages" name="test_send_to_foreign_chat" time="0.144" /><testcase classname="backend.tests.test_bubble_chat.TestMessages" name="test_messages_ordering" time="0.285" /><testcase classname="backend.tests.test_bubble_chat.TestMessages" name="test_read_marks_and_unread" time="0.270" /><testcase classname="backend.tests.test_bubble_chat.TestWebSocket" name="test_ws_unauthorized_close" time="0.145" /><testcase classname="backend.tests.test_bubble_chat.TestWebSocket" name="test_ws_message_and_typing_events" time="1.028" /><testcase classname="backend.tests.test_bubble_chat.TestWebSocket" name="test_ws_presence_updates_db" time="1.800" /><testcase classname="backend.tests.test_menu_features.TestAuthGates" name="test_mark_all_read_401" time="0.123" /><testcase classname="backend.tests.test_menu_features.TestAuthGates" name="test_meetings_post_401" time="0.094" /><testcase classname="backend.tests.test_menu_features.TestAuthGates" name="test_meetings_get_401" time="0.094" /><testcase classname="backend.tests.test_menu_features.TestAuthGates" name="test_reminders_post_401" time="0.095" /><testcase classname="backend.tests.test_menu_features.TestAuthGates" name="test_reminders_get_401" time="0.147" /><testcase classname="backend.tests.test_menu_features.TestMarkAllRead" name="test_bulk_marks_all_chats_read" time="0.379" /><testcase classname="backend.tests.test_menu_features.TestMarkAllRead" name="test_mark_all_read_broadcasts_read_ws" time="0.892" /><testcase classname="backend.tests.test_menu_features.TestMeetings" name="test_create_meeting_without_chat" time="0.096" /><testcase classname="backend.tests.test_menu_features.TestMeetings" name="test_create_meeting_with_chat_posts_message_and_ws" time="0.866" /><testcase classname="backend.tests.test_menu_features.TestMeetings" name="test_list_meetings_sorted_by_starts_at" time="0.246" /><testcase classname="backend.tests.test_menu_features.TestMeetings" name="test_list_meetings_scoped_to_owner" time="0.101" /><testcase classname="backend.tests.test_menu_features.TestReminders" name="test_create_and_list_reminders" time="0.149" /><testcase classname="backend.tests.test_menu_features.TestReminders" name="test_list_reminders_sorted_by_remind_at" time="0.216" /><testcase classname="backend.tests.test_menu_features.TestRegression" name="test_me_still_works" time="0.098" /><testcase classname="backend.tests.test_menu_features.TestRegression" name="test_chats_list_still_works" time="0.103" /><testcase classname="backend.tests.test_menu_features.TestRegression" name="test_users_search_still_works" time="0.103" /><testcase classname="backend.tests.test_menu_features.TestRegression" name="test_messages_send_still_works" time="0.152" /></testsuite></testsuites>