<?xml version="1.0" encoding="utf-8"?><testsuites name="pytest tests"><testsuite name="pytest" errors="0" failures="0" skipped="0" tests="20" time="5.874" timestamp="2026-07-13T06:47:18.575149+00:00" hostname="agent-env-af44bd03-d6f0-45f9-989b-f4e45c1c55ac"><testcase classname="tests.test_bubble_chat" name="test_root" time="0.203" /><testcase classname="tests.test_bubble_chat.TestAuth" name="test_me_requires_bearer" time="0.121" /><testcase classname="tests.test_bubble_chat.TestAuth" name="test_me_invalid_token" time="0.107" /><testcase classname="tests.test_bubble_chat.TestAuth" name="test_me_success" time="0.104" /><testcase classname="tests.test_bubble_chat.TestAuth" name="test_logout_ok" time="0.178" /><testcase classname="tests.test_bubble_chat.TestAuth" name="test_auth_session_bad_id" time="0.222" /><testcase classname="tests.test_bubble_chat.TestUsers" name="test_search_requires_auth" time="0.130" /><testcase classname="tests.test_bubble_chat.TestUsers" name="test_search_by_name" time="0.099" /><testcase classname="tests.test_bubble_chat.TestChats" name="test_create_1on1_and_reuse" time="0.162" /><testcase classname="tests.test_bubble_chat.TestChats" name="test_create_group" time="0.099" /><testcase classname="tests.test_bubble_chat.TestChats" name="test_list_chats" time="0.139" /><testcase classname="tests.test_bubble_chat.TestMessages" name="test_send_text_and_fetch" time="0.239" /><testcase classname="tests.test_bubble_chat.TestMessages" name="test_send_image" time="0.175" /><testcase classname="tests.test_bubble_chat.TestMessages" name="test_send_empty_rejected" time="0.133" /><testcase classname="tests.test_bubble_chat.TestMessages" name="test_send_to_foreign_chat" time="0.136" /><testcase classname="tests.test_bubble_chat.TestMessages" name="test_messages_ordering" time="0.301" /><testcase classname="tests.test_bubble_chat.TestMessages" name="test_read_marks_and_unread" time="0.296" /><testcase classname="tests.test_bubble_chat.TestWebSocket" name="test_ws_unauthorized_close" time="0.145" /><testcase classname="tests.test_bubble_chat.TestWebSocket" name="test_ws_message_and_typing_events" time="1.023" /><testcase classname="tests.test_bubble_chat.TestWebSocket" name="test_ws_presence_updates_db" time="1.806" /></testsuite></testsuites>